0 info it worked if it ends with ok
1 verbose cli [ 'C:\\Program Files\\nodejs\\node.exe',
1 verbose cli   'C:\\Users\\samia\\AppData\\Roaming\\npm\\node_modules\\npm\\bin\\npm-cli.js',
1 verbose cli   'run',
1 verbose cli   'startWatch' ]
2 info using npm@3.10.9
3 info using node@v6.9.5
4 verbose run-script [ 'prestartWatch', 'startWatch', 'poststartWatch' ]
5 info lifecycle protools@1.0.0~prestartWatch: protools@1.0.0
6 silly lifecycle protools@1.0.0~prestartWatch: no script for prestartWatch, continuing
7 info lifecycle protools@1.0.0~startWatch: protools@1.0.0
8 verbose lifecycle protools@1.0.0~startWatch: unsafe-perm in lifecycle true
9 verbose lifecycle protools@1.0.0~startWatch: PATH: C:\Users\samia\AppData\Roaming\npm\node_modules\npm\bin\node-gyp-bin;C:\Projects\protools\node_modules\.bin;C:\Program Files\Docker\Docker\Resources\bin;C:\Ruby24-x64\bin;C:\Program Files (x86)\Intel\iCLS Client\;C:\Program Files\Intel\iCLS Client\;C:\Windows\system32;C:\Windows;C:\Windows\System32\Wbem;C:\Windows\System32\WindowsPowerShell\v1.0\;C:\Program Files (x86)\NVIDIA Corporation\PhysX\Common;C:\Program Files (x86)\Intel\Intel(R) Management Engine Components\DAL;C:\Program Files\Intel\Intel(R) Management Engine Components\DAL;C:\Program Files (x86)\Intel\Intel(R) Management Engine Components\IPT;C:\Program Files\Intel\Intel(R) Management Engine Components\IPT;C:\Program Files\Microsoft SQL Server\130\Tools\Binn\;C:\Program Files\Microsoft\Web Platform Installer\;C:\WINDOWS\system32;C:\WINDOWS;C:\WINDOWS\System32\Wbem;C:\WINDOWS\System32\WindowsPowerShell\v1.0\;C:\Program Files\Git\cmd;C:\ProgramData\chocolatey\bin;C:\Program Files (x86)\Microsoft SQL Server\110\DTS\Binn\;C:\Program Files (x86)\Microsoft SQL Server\120\DTS\Binn\;C:\Program Files (x86)\Microsoft SQL Server\130\DTS\Binn\;C:\HashiCorp\Vagrant\bin;C:\Users\samia\AppData\Roaming\npm\;C:\Program Files\nodejs\;C:\Program Files\dotnet\;C:\Program Files (x86)\Windows Kits\10\Windows Performance Toolkit\;C:\Program Files\PostgreSQL\9.6\bin;C:\Program Files\PostgreSQL\9.6\lib;C:\Users\samia\AppData\Local\Programs\Python\Python36\Scripts\;C:\Users\samia\AppData\Local\Programs\Python\Python36\;C:\Program Files\Docker\Docker\Resources\bin;C:\Program Files (x86)\Intel\iCLS Client\;C:\Program Files\Intel\iCLS Client\;C:\Windows\system32;C:\Windows;C:\Windows\System32\Wbem;C:\Windows\System32\WindowsPowerShell\v1.0\;C:\Program Files (x86)\NVIDIA Corporation\PhysX\Common;C:\Program Files (x86)\Intel\Intel(R) Management Engine Components\DAL;C:\Program Files\Intel\Intel(R) Management Engine Components\DAL;C:\Program Files (x86)\Intel\Intel(R) Management Engine Components\IPT;C:\Program Files\Intel\Intel(R) Management Engine Components\IPT;C:\Program Files\Microsoft SQL Server\130\Tools\Binn\;C:\Program Files\Microsoft\Web Platform Installer\;C:\WINDOWS\system32;C:\WINDOWS;C:\WINDOWS\System32\Wbem;C:\WINDOWS\System32\WindowsPowerShell\v1.0\;C:\Program Files\Git\cmd;C:\ProgramData\chocolatey\bin;C:\Program Files (x86)\Microsoft SQL Server\110\DTS\Binn\;C:\Program Files (x86)\Microsoft SQL Server\120\DTS\Binn\;C:\Program Files (x86)\Microsoft SQL Server\130\DTS\Binn\;C:\HashiCorp\Vagrant\bin;C:\Users\samia\;C:\Program Files\PostgreSQL\9.6\pgAdmin 4\bin;C:\Program Files\PostgreSQL\9.6\bin;;C:\Program Files (x86)\Microsoft VS Code\bin
10 verbose lifecycle protools@1.0.0~startWatch: CWD: C:\Projects\protools
11 silly lifecycle protools@1.0.0~startWatch: Args: [ '/d /s /c',
11 silly lifecycle   'nodemon server/server.js --config ./nodemon.json' ]
12 silly lifecycle protools@1.0.0~startWatch: Returned: code: 1  signal: null
13 info lifecycle protools@1.0.0~startWatch: Failed to exec startWatch script
14 verbose stack Error: protools@1.0.0 startWatch: `nodemon server/server.js --config ./nodemon.json`
14 verbose stack Exit status 1
14 verbose stack     at EventEmitter.<anonymous> (C:\Users\samia\AppData\Roaming\npm\node_modules\npm\lib\utils\lifecycle.js:255:16)
14 verbose stack     at emitTwo (events.js:106:13)
14 verbose stack     at EventEmitter.emit (events.js:191:7)
14 verbose stack     at ChildProcess.<anonymous> (C:\Users\samia\AppData\Roaming\npm\node_modules\npm\lib\utils\spawn.js:40:14)
14 verbose stack     at emitTwo (events.js:106:13)
14 verbose stack     at ChildProcess.emit (events.js:191:7)
14 verbose stack     at maybeClose (internal/child_process.js:877:16)
14 verbose stack     at Process.ChildProcess._handle.onexit (internal/child_process.js:226:5)
15 verbose pkgid protools@1.0.0
16 verbose cwd C:\Projects\protools
17 error Windows_NT 10.0.15063
18 error argv "C:\\Program Files\\nodejs\\node.exe" "C:\\Users\\samia\\AppData\\Roaming\\npm\\node_modules\\npm\\bin\\npm-cli.js" "run" "startWatch"
19 error node v6.9.5
20 error npm  v3.10.9
21 error code ELIFECYCLE
22 error protools@1.0.0 startWatch: `nodemon server/server.js --config ./nodemon.json`
22 error Exit status 1
23 error Failed at the protools@1.0.0 startWatch script 'nodemon server/server.js --config ./nodemon.json'.
23 error Make sure you have the latest version of node.js and npm installed.
23 error If you do, this is most likely a problem with the protools package,
23 error not with npm itself.
23 error Tell the author that this fails on your system:
23 error     nodemon server/server.js --config ./nodemon.json
23 error You can get information on how to open an issue for this project with:
23 error     npm bugs protools
23 error Or if that isn't available, you can get their info via:
23 error     npm owner ls protools
23 error There is likely additional logging output above.
24 verbose exit [ 1, true ]
